#
# There is insufficient memory for the Java Runtime Environment to continue.
# Native memory allocation (malloc) failed to allocate 1048576 bytes for AllocateHeap
# Possible reasons:
#   The system is out of physical RAM or swap space
#   In 32 bit mode, the process size limit was hit
# Possible solutions:
#   Reduce memory load on the system
#   Increase physical memory or swap space
#   Check if swap backing store is full
#   Use 64 bit Java on a 64 bit OS
#   Decrease Java heap size (-Xmx/-Xms)
#   Decrease number of Java threads
#   Decrease Java thread stack sizes (-Xss)
#   Set larger code cache with -XX:ReservedCodeCacheSize=
# This output file may be truncated or incomplete.
#
#  Out of Memory Error (memory/allocation.inline.hpp:61), pid=24708, tid=15720
#
# JRE version:  (8.0_77-b03) (build )
# Java VM: Java HotSpot(TM) 64-Bit Server VM (25.77-b03 mixed mode windows-amd64 compressed oops)
# Failed to write core dump. Minidumps are not enabled by default on client versions of Windows
#

---------------  T H R E A D  ---------------

Current thread (0x00000000032ed800):  JavaThread "Unknown thread" [_thread_in_vm, id=15720, stack(0x00000000033f0000,0x00000000034f0000)]

Stack: [0x00000000033f0000,0x00000000034f0000]
[error occurred during error reporting (printing stack bounds), id 0xc0000005]

Native frames: (J=compiled Java code, j=interpreted, Vv=VM code, C=native code)


---------------  P R O C E S S  ---------------

Java Threads: ( => current thread )

Other Threads:

=>0x00000000032ed800 (exited) JavaThread "Unknown thread" [_thread_in_vm, id=15720, stack(0x00000000033f0000,0x00000000034f0000)]

VM state:not at safepoint (normal execution)

VM Mutex/Monitor currently owned by a thread: None

Heap:
 PSYoungGen      total 34304K, used 593K [0x00000000da600000, 0x00000000dcc00000, 0x0000000100000000)
  eden space 29696K, 2% used [0x00000000da600000,0x00000000da6947b8,0x00000000dc300000)
  from space 4608K, 0% used [0x00000000dc780000,0x00000000dc780000,0x00000000dcc00000)
  to   space 4608K, 0% used [0x00000000dc300000,0x00000000dc300000,0x00000000dc780000)
 ParOldGen       total 77824K, used 0K [0x000000008f200000, 0x0000000093e00000, 0x00000000da600000)
  object space 77824K, 0% used [0x000000008f200000,0x000000008f200000,0x0000000093e00000)
 Metaspace       used 769K, capacity 4480K, committed 4480K, reserved 1056768K
  class space    used 75K, capacity 384K, committed 384K, reserved 1048576K

Card table byte_map: [0x00000000129b0000,0x0000000012d40000] byte_map_base: 0x0000000012537000

Marking Bits: (ParMarkBitMap*) 0x0000000077780600
 Begin Bits: [0x00000000133a0000, 0x0000000014fd8000)
 End Bits:   [0x0000000014fd8000, 0x0000000016c10000)

Polling page: 0x0000000001420000

CodeCache: size=245760Kb used=328Kb max_used=328Kb free=245431Kb
 bounds [0x00000000035f0000, 0x0000000003860000, 0x00000000125f0000]
 total_blobs=58 nmethods=0 adapters=38
 compilation: enabled

Compilation events (0 events):
No events

GC Heap History (0 events):
No events

Deoptimization events (0 events):
No events

Internal exceptions (0 events):
No events

Events (10 events):
Event: 0.144 loading class java/lang/Short
Event: 0.145 loading class java/lang/Short done
Event: 0.145 loading class java/lang/Integer
Event: 0.145 loading class java/lang/Integer done
Event: 0.145 loading class java/lang/Long
Event: 0.146 loading class java/lang/Long done
Event: 0.149 loading class java/lang/NullPointerException
Event: 0.149 loading class java/lang/NullPointerException done
Event: 0.149 loading class java/lang/ArithmeticException
Event: 0.149 loading class java/lang/ArithmeticException done


Dynamic libraries:
0x00007ff61f040000 - 0x00007ff61f077000 	C:\Program Files\Java\jdk1.8.0_77\bin\javaw.exe
0x00007ffdc0c60000 - 0x00007ffdc0e32000 	C:\WINDOWS\SYSTEM32\ntdll.dll
0x00007ffdbe400000 - 0x00007ffdbe4ac000 	C:\WINDOWS\System32\KERNEL32.DLL
0x00007ffdbdf50000 - 0x00007ffdbe16d000 	C:\WINDOWS\System32\KERNELBASE.dll
0x00007ffdc09d0000 - 0x00007ffdc0a72000 	C:\WINDOWS\System32\ADVAPI32.dll
0x00007ffdbed00000 - 0x00007ffdbed9e000 	C:\WINDOWS\System32\msvcrt.dll
0x00007ffdbe3a0000 - 0x00007ffdbe3f9000 	C:\WINDOWS\System32\sechost.dll
0x00007ffdbeda0000 - 0x00007ffdbeec1000 	C:\WINDOWS\System32\RPCRT4.dll
0x00007ffdbeab0000 - 0x00007ffdbec15000 	C:\WINDOWS\System32\USER32.dll
0x00007ffdbe1d0000 - 0x00007ffdbe1ee000 	C:\WINDOWS\System32\win32u.dll
0x00007ffdbec20000 - 0x00007ffdbec54000 	C:\WINDOWS\System32\GDI32.dll
0x00007ffdbd2c0000 - 0x00007ffdbd440000 	C:\WINDOWS\System32\gdi32full.dll
0x00007ffda8be0000 - 0x00007ffda8e5a000 	C:\WINDOWS\WinSxS\amd64_microsoft.windows.common-controls_6595b64144ccf1df_6.0.14393.953_none_42151e83c686086b\COMCTL32.dll
0x00007ffdbe670000 - 0x00007ffdbe938000 	C:\WINDOWS\System32\combase.dll
0x00007ffdbdde0000 - 0x00007ffdbded5000 	C:\WINDOWS\System32\ucrtbase.dll
0x00007ffdbdee0000 - 0x00007ffdbdf4a000 	C:\WINDOWS\System32\bcryptPrimitives.dll
0x00007ffdbef90000 - 0x00007ffdbefbe000 	C:\WINDOWS\System32\IMM32.DLL
0x00000000768e0000 - 0x00000000769b2000 	C:\Program Files\Java\jdk1.8.0_77\jre\bin\msvcr100.dll
0x0000000076f70000 - 0x0000000077800000 	C:\Program Files\Java\jdk1.8.0_77\jre\bin\server\jvm.dll
0x00007ffdbe940000 - 0x00007ffdbe948000 	C:\WINDOWS\System32\PSAPI.DLL
0x00007ffdabe20000 - 0x00007ffdabe29000 	C:\WINDOWS\SYSTEM32\WSOCK32.dll
0x00007ffdbefc0000 - 0x00007ffdbf02a000 	C:\WINDOWS\System32\WS2_32.dll
0x00007ffdbb550000 - 0x00007ffdbb573000 	C:\WINDOWS\SYSTEM32\WINMM.dll
0x00007ffdadcf0000 - 0x00007ffdadcfa000 	C:\WINDOWS\SYSTEM32\VERSION.dll
0x00007ffdbb3e0000 - 0x00007ffdbb40b000 	C:\WINDOWS\SYSTEM32\WINMMBASE.dll
0x00007ffdbdbc0000 - 0x00007ffdbdc02000 	C:\WINDOWS\System32\cfgmgr32.dll
0x0000000050050000 - 0x000000005005f000 	C:\Program Files\Java\jdk1.8.0_77\jre\bin\verify.dll
0x0000000076f40000 - 0x0000000076f69000 	C:\Program Files\Java\jdk1.8.0_77\jre\bin\java.dll
0x0000000050030000 - 0x0000000050046000 	C:\Program Files\Java\jdk1.8.0_77\jre\bin\zip.dll

VM Arguments:
jvm_args: -Dfile.encoding=MS949 
java_command: gui.first
java_class_path (initial): C:\Users\LG\Desktop\2606\JAVA\자바 2학기 프로젝트\PG\KimJang\bin;C:\Users\LG\Desktop\2606\JAVA\자바 2학기 프로젝트\PG\KimJang\jgoodies-forms-1.8.0.jar
Launcher Type: SUN_STANDARD

Environment Variables:
JAVA_HOME=C:\Program Files\Java\jdk1.8.0_77
PATH=C:/Program Files/Java/jdk1.8.0_77/bin/../jre/bin/server;C:/Program Files/Java/jdk1.8.0_77/bin/../jre/bin;C:/Program Files/Java/jdk1.8.0_77/bin/../jre/lib/amd64;C:\oraclexe\app\oracle\product\11.2.0\server\bin;C:\Python34\;C:\Python34\Scripts;C:\Program Files (x86)\Intel\iCLS Client\;C:\Program Files\Intel\iCLS Client\;C:\WINDOWS\system32;C:\WINDOWS;C:\WINDOWS\System32\Wbem;C:\WINDOWS\System32\WindowsPowerShell\v1.0\;C:\Program Files (x86)\Intel\Intel(R) Management Engine Components\DAL;C:\Program Files\Intel\Intel(R) Management Engine Components\DAL;C:\Program Files (x86)\Intel\Intel(R) Management Engine Components\IPT;C:\Program Files\Intel\Intel(R) Management Engine Components\IPT;C:\WINDOWS\system32\config\systemprofile\.dnx\bin;C:\Program Files\Microsoft DNX\Dnvm\;C:\Program Files (x86)\Windows Kits\8.1\Windows Performance Toolkit\;C:\Program Files\Java\jdk1.8.0_77;C:\Users\LG\Desktop\java;C:\Program Files\Java\jdk1.8.0_77\bin;C:\Program Files\Anaconda3;C:\Program Files\Anaconda3\Scripts;C:\Program Files\Anaconda3\Library\bin;C:\Program Files (x86)\Windows Live\Shared;C:\Program Files\Git\cmd;C:\Program Files\Intel\WiFi\bin\;C:\Program Files\Common Files\Intel\WirelessCommon\;C:\Program Files (x86)\GtkSharp\2.12\bin;C:\Program Files\nodejs\;;C:\Program Files\Intel\WiFi\bin\;C:\Program Files\Common Files\Intel\WirelessCommon\;C:\Program Files\Java\jdk1.8.0_77\bin;C:\Users\LG\Desktop\java;C:\Users\LG\AppData\Local\atom\bin;C:\Users\LG\AppData\Local\Microsoft\WindowsApps;C:\Users\LG\AppData\Roaming\npm;C:\Program Files\Microsoft VS Code\bin;C:\Users\LG\Desktop\eclipse-jee-luna-SR1a-win32-x86_64\eclipse;
USERNAME=LG
OS=Windows_NT
PROCESSOR_IDENTIFIER=Intel64 Family 6 Model 78 Stepping 3, GenuineIntel



---------------  S Y S T E M  ---------------

OS: Windows 10.0 , 64 bit Build 14393 (10.0.14393.1198)

CPU:total 4 (2 cores per cpu, 2 threads per core) family 6 model 78 stepping 3, cmov, cx8, fxsr, mmx, sse, sse2, sse3, ssse3, sse4.1, sse4.2, popcnt, avx, avx2, aes, clmul, erms, 3dnowpref, lzcnt, ht, tsc, tscinvbit, bmi1, bmi2, adx

Memory: 4k page, physical 7392076k(1369808k free), swap 30460748k(4520k free)

vm_info: Java HotSpot(TM) 64-Bit Server VM (25.77-b03) for windows-amd64 JRE (1.8.0_77-b03), built on Mar 20 2016 22:01:33 by "java_re" with MS VC++ 10.0 (VS2010)

time: Sun Sep 24 21:55:04 2017
elapsed time: 0 seconds (0d 0h 0m 0s)

